c:\users\forestf\desktop\grafika\zajecia6 -piramida z dwunastokątów\consoleapplication1\consoleapplication1\debug\consoleapplication1.pch
c:\users\forestf\desktop\grafika\zajecia6 -piramida z dwunastokątów\consoleapplication1\consoleapplication1\debug\vc141.pdb
c:\users\forestf\desktop\grafika\zajecia6 -piramida z dwunastokątów\consoleapplication1\consoleapplication1\debug\vc141.idb
c:\users\forestf\desktop\grafika\zajecia6 -piramida z dwunastokątów\consoleapplication1\consoleapplication1\debug\stdafx.obj
c:\users\forestf\desktop\grafika\zajecia6 -piramida z dwunastokątów\consoleapplication1\consoleapplication1\debug\consoleapplication1.obj
g:\zajecia6 -piramida z dwunastokątów\consoleapplication1\consoleapplication1\debug\consoleapplication1.pch
g:\zajecia6 -piramida z dwunastokątów\consoleapplication1\consoleapplication1\debug\vc141.pdb
g:\zajecia6 -piramida z dwunastokątów\consoleapplication1\consoleapplication1\debug\vc141.idb
g:\zajecia6 -piramida z dwunastokątów\consoleapplication1\consoleapplication1\debug\stdafx.obj
g:\zajecia6 -piramida z dwunastokątów\consoleapplication1\consoleapplication1\debug\consoleapplication1.obj
c:\users\forestf\desktop\grafika\zajecia6 -piramida z dwunastokątów\consoleapplication1\debug\consoleapplication1.exe
c:\users\forestf\desktop\grafika\zajecia6 -piramida z dwunastokątów\consoleapplication1\debug\consoleapplication1.ilk
c:\users\forestf\desktop\grafika\zajecia6 -piramida z dwunastokątów\consoleapplication1\debug\consoleapplication1.pdb
g:\zajecia6 -piramida z dwunastokątów\consoleapplication1\consoleapplication1\debug\vc140.idb
g:\zajecia6 -piramida z dwunastokątów\consoleapplication1\consoleapplication1\debug\vc140.pdb
g:\zajecia6 -piramida z dwunastokątów\consoleapplication1\debug\consoleapplication1.pdb
g:\zajecia6 -piramida z dwunastokątów\consoleapplication1\debug\consoleapplication1.exe
g:\zajecia6 -piramida z dwunastokątów\consoleapplication1\debug\consoleapplication1.ilk
g:\zajecia6 -piramida z dwunastokątów\consoleapplication1\consoleapplication1\debug\consolea.9e269040.tlog\cl.command.1.tlog
g:\zajecia6 -piramida z dwunastokątów\consoleapplication1\consoleapplication1\debug\consolea.9e269040.tlog\cl.read.1.tlog
g:\zajecia6 -piramida z dwunastokątów\consoleapplication1\consoleapplication1\debug\consolea.9e269040.tlog\cl.write.1.tlog
g:\zajecia6 -piramida z dwunastokątów\consoleapplication1\consoleapplication1\debug\consolea.9e269040.tlog\link.command.1.tlog
g:\zajecia6 -piramida z dwunastokątów\consoleapplication1\consoleapplication1\debug\consolea.9e269040.tlog\link.delete.1.tlog
g:\zajecia6 -piramida z dwunastokątów\consoleapplication1\consoleapplication1\debug\consolea.9e269040.tlog\link.read.1.tlog
g:\zajecia6 -piramida z dwunastokątów\consoleapplication1\consoleapplication1\debug\consolea.9e269040.tlog\link.write.1.tlog
