  wybuch.cpp
c:\users\forestf\desktop\grafika\wybuch\colors.h(20): warning C4838: konwersja z „double” do „const GLfloat” wymaga konwersji zawężającej
c:\users\forestf\desktop\grafika\wybuch\colors.h(20): warning C4305: "inicjowanie": obcięcie z "double" do "const GLfloat"
c:\users\forestf\desktop\grafika\wybuch\colors.h(25): warning C4838: konwersja z „double” do „const GLfloat” wymaga konwersji zawężającej
c:\users\forestf\desktop\grafika\wybuch\colors.h(25): warning C4305: "inicjowanie": obcięcie z "double" do "const GLfloat"
c:\users\forestf\desktop\grafika\wybuch\colors.h(35): warning C4838: konwersja z „double” do „const GLfloat” wymaga konwersji zawężającej
c:\users\forestf\desktop\grafika\wybuch\colors.h(35): warning C4305: "inicjowanie": obcięcie z "double" do "const GLfloat"
c:\users\forestf\desktop\grafika\wybuch\colors.h(42): warning C4838: konwersja z „double” do „const GLfloat” wymaga konwersji zawężającej
c:\users\forestf\desktop\grafika\wybuch\colors.h(42): warning C4305: "inicjowanie": obcięcie z "double" do "const GLfloat"
c:\users\forestf\desktop\grafika\wybuch\colors.h(49): warning C4838: konwersja z „double” do „const GLfloat” wymaga konwersji zawężającej
c:\users\forestf\desktop\grafika\wybuch\colors.h(49): warning C4305: "inicjowanie": obcięcie z "double" do "const GLfloat"
c:\users\forestf\desktop\grafika\wybuch\colors.h(54): warning C4838: konwersja z „double” do „const GLfloat” wymaga konwersji zawężającej
c:\users\forestf\desktop\grafika\wybuch\colors.h(54): warning C4305: "inicjowanie": obcięcie z "double" do "const GLfloat"
c:\users\forestf\desktop\grafika\wybuch\colors.h(66): warning C4838: konwersja z „double” do „const GLfloat” wymaga konwersji zawężającej
c:\users\forestf\desktop\grafika\wybuch\colors.h(66): warning C4305: "inicjowanie": obcięcie z "double" do "const GLfloat"
c:\users\forestf\desktop\grafika\wybuch\colors.h(80): warning C4838: konwersja z „double” do „const GLfloat” wymaga konwersji zawężającej
c:\users\forestf\desktop\grafika\wybuch\colors.h(80): warning C4305: "inicjowanie": obcięcie z "double" do "const GLfloat"
c:\users\forestf\desktop\grafika\wybuch\colors.h(87): warning C4838: konwersja z „double” do „const GLfloat” wymaga konwersji zawężającej
c:\users\forestf\desktop\grafika\wybuch\colors.h(87): warning C4305: "inicjowanie": obcięcie z "double" do "const GLfloat"
c:\users\forestf\desktop\grafika\wybuch\colors.h(92): warning C4838: konwersja z „double” do „const GLfloat” wymaga konwersji zawężającej
c:\users\forestf\desktop\grafika\wybuch\colors.h(92): warning C4305: "inicjowanie": obcięcie z "double" do "const GLfloat"
c:\users\forestf\desktop\grafika\wybuch\colors.h(97): warning C4838: konwersja z „double” do „const GLfloat” wymaga konwersji zawężającej
c:\users\forestf\desktop\grafika\wybuch\colors.h(97): warning C4305: "inicjowanie": obcięcie z "double" do "const GLfloat"
c:\users\forestf\desktop\grafika\wybuch\colors.h(102): warning C4838: konwersja z „double” do „const GLfloat” wymaga konwersji zawężającej
c:\users\forestf\desktop\grafika\wybuch\colors.h(102): warning C4305: "inicjowanie": obcięcie z "double" do "const GLfloat"
c:\users\forestf\desktop\grafika\wybuch\colors.h(109): warning C4838: konwersja z „double” do „const GLfloat” wymaga konwersji zawężającej
c:\users\forestf\desktop\grafika\wybuch\colors.h(109): warning C4305: "inicjowanie": obcięcie z "double" do "const GLfloat"
c:\users\forestf\desktop\grafika\wybuch\colors.h(116): warning C4838: konwersja z „double” do „const GLfloat” wymaga konwersji zawężającej
c:\users\forestf\desktop\grafika\wybuch\colors.h(116): warning C4305: "inicjowanie": obcięcie z "double" do "const GLfloat"
c:\users\forestf\desktop\grafika\wybuch\colors.h(121): warning C4838: konwersja z „double” do „const GLfloat” wymaga konwersji zawężającej
c:\users\forestf\desktop\grafika\wybuch\colors.h(121): warning C4305: "inicjowanie": obcięcie z "double" do "const GLfloat"
c:\users\forestf\desktop\grafika\wybuch\colors.h(126): warning C4838: konwersja z „double” do „const GLfloat” wymaga konwersji zawężającej
c:\users\forestf\desktop\grafika\wybuch\colors.h(126): warning C4305: "inicjowanie": obcięcie z "double" do "const GLfloat"
c:\users\forestf\desktop\grafika\wybuch\colors.h(133): warning C4838: konwersja z „double” do „const GLfloat” wymaga konwersji zawężającej
c:\users\forestf\desktop\grafika\wybuch\colors.h(133): warning C4305: "inicjowanie": obcięcie z "double" do "const GLfloat"
c:\users\forestf\desktop\grafika\wybuch\colors.h(147): warning C4838: konwersja z „double” do „const GLfloat” wymaga konwersji zawężającej
c:\users\forestf\desktop\grafika\wybuch\colors.h(147): warning C4305: "inicjowanie": obcięcie z "double" do "const GLfloat"
c:\users\forestf\desktop\grafika\wybuch\colors.h(154): warning C4838: konwersja z „double” do „const GLfloat” wymaga konwersji zawężającej
c:\users\forestf\desktop\grafika\wybuch\colors.h(154): warning C4305: "inicjowanie": obcięcie z "double" do "const GLfloat"
c:\users\forestf\desktop\grafika\wybuch\colors.h(159): warning C4838: konwersja z „double” do „const GLfloat” wymaga konwersji zawężającej
c:\users\forestf\desktop\grafika\wybuch\colors.h(159): warning C4305: "inicjowanie": obcięcie z "double" do "const GLfloat"
c:\users\forestf\desktop\grafika\wybuch\colors.h(166): warning C4838: konwersja z „double” do „const GLfloat” wymaga konwersji zawężającej
c:\users\forestf\desktop\grafika\wybuch\colors.h(166): warning C4305: "inicjowanie": obcięcie z "double" do "const GLfloat"
c:\users\forestf\desktop\grafika\wybuch\colors.h(173): warning C4838: konwersja z „double” do „const GLfloat” wymaga konwersji zawężającej
c:\users\forestf\desktop\grafika\wybuch\colors.h(173): warning C4305: "inicjowanie": obcięcie z "double" do "const GLfloat"
c:\users\forestf\desktop\grafika\wybuch\colors.h(180): warning C4838: konwersja z „double” do „const GLfloat” wymaga konwersji zawężającej
c:\users\forestf\desktop\grafika\wybuch\colors.h(180): warning C4305: "inicjowanie": obcięcie z "double" do "const GLfloat"
c:\users\forestf\desktop\grafika\wybuch\colors.h(187): warning C4838: konwersja z „double” do „const GLfloat” wymaga konwersji zawężającej
c:\users\forestf\desktop\grafika\wybuch\colors.h(187): warning C4305: "inicjowanie": obcięcie z "double" do "const GLfloat"
c:\users\forestf\desktop\grafika\wybuch\colors.h(192): warning C4838: konwersja z „double” do „const GLfloat” wymaga konwersji zawężającej
c:\users\forestf\desktop\grafika\wybuch\colors.h(192): warning C4305: "inicjowanie": obcięcie z "double" do "const GLfloat"
c:\users\forestf\desktop\grafika\wybuch\colors.h(199): warning C4838: konwersja z „double” do „const GLfloat” wymaga konwersji zawężającej
c:\users\forestf\desktop\grafika\wybuch\colors.h(199): warning C4305: "inicjowanie": obcięcie z "double" do "const GLfloat"
c:\users\forestf\desktop\grafika\wybuch\colors.h(204): warning C4838: konwersja z „double” do „const GLfloat” wymaga konwersji zawężającej
c:\users\forestf\desktop\grafika\wybuch\colors.h(204): warning C4305: "inicjowanie": obcięcie z "double" do "const GLfloat"
c:\users\forestf\desktop\grafika\wybuch\colors.h(211): warning C4838: konwersja z „double” do „const GLfloat” wymaga konwersji zawężającej
c:\users\forestf\desktop\grafika\wybuch\colors.h(211): warning C4305: "inicjowanie": obcięcie z "double" do "const GLfloat"
c:\users\forestf\desktop\grafika\wybuch\colors.h(216): warning C4838: konwersja z „double” do „const GLfloat” wymaga konwersji zawężającej
c:\users\forestf\desktop\grafika\wybuch\colors.h(216): warning C4305: "inicjowanie": obcięcie z "double" do "const GLfloat"
c:\users\forestf\desktop\grafika\wybuch\colors.h(221): warning C4838: konwersja z „double” do „const GLfloat” wymaga konwersji zawężającej
c:\users\forestf\desktop\grafika\wybuch\colors.h(221): warning C4305: "inicjowanie": obcięcie z "double" do "const GLfloat"
c:\users\forestf\desktop\grafika\wybuch\colors.h(226): warning C4838: konwersja z „double” do „const GLfloat” wymaga konwersji zawężającej
c:\users\forestf\desktop\grafika\wybuch\colors.h(226): warning C4305: "inicjowanie": obcięcie z "double" do "const GLfloat"
c:\users\forestf\desktop\grafika\wybuch\colors.h(231): warning C4838: konwersja z „double” do „const GLfloat” wymaga konwersji zawężającej
c:\users\forestf\desktop\grafika\wybuch\colors.h(231): warning C4305: "inicjowanie": obcięcie z "double" do "const GLfloat"
c:\users\forestf\desktop\grafika\wybuch\colors.h(236): warning C4838: konwersja z „double” do „const GLfloat” wymaga konwersji zawężającej
c:\users\forestf\desktop\grafika\wybuch\colors.h(236): warning C4305: "inicjowanie": obcięcie z "double" do "const GLfloat"
c:\users\forestf\desktop\grafika\wybuch\colors.h(243): warning C4838: konwersja z „double” do „const GLfloat” wymaga konwersji zawężającej
c:\users\forestf\desktop\grafika\wybuch\colors.h(243): warning C4305: "inicjowanie": obcięcie z "double" do "const GLfloat"
c:\users\forestf\desktop\grafika\wybuch\colors.h(248): warning C4838: konwersja z „double” do „const GLfloat” wymaga konwersji zawężającej
c:\users\forestf\desktop\grafika\wybuch\colors.h(248): warning C4305: "inicjowanie": obcięcie z "double" do "const GLfloat"
c:\users\forestf\desktop\grafika\wybuch\colors.h(253): warning C4838: konwersja z „double” do „const GLfloat” wymaga konwersji zawężającej
c:\users\forestf\desktop\grafika\wybuch\colors.h(253): warning C4305: "inicjowanie": obcięcie z "double" do "const GLfloat"
c:\users\forestf\desktop\grafika\wybuch\colors.h(258): warning C4838: konwersja z „double” do „const GLfloat” wymaga konwersji zawężającej
c:\users\forestf\desktop\grafika\wybuch\colors.h(258): warning C4305: "inicjowanie": obcięcie z "double" do "const GLfloat"
c:\users\forestf\desktop\grafika\wybuch\colors.h(263): warning C4838: konwersja z „double” do „const GLfloat” wymaga konwersji zawężającej
c:\users\forestf\desktop\grafika\wybuch\colors.h(263): warning C4305: "inicjowanie": obcięcie z "double" do "const GLfloat"
c:\users\forestf\desktop\grafika\wybuch\colors.h(268): warning C4838: konwersja z „double” do „const GLfloat” wymaga konwersji zawężającej
c:\users\forestf\desktop\grafika\wybuch\colors.h(268): warning C4305: "inicjowanie": obcięcie z "double" do "const GLfloat"
c:\users\forestf\desktop\grafika\wybuch\colors.h(273): warning C4838: konwersja z „double” do „const GLfloat” wymaga konwersji zawężającej
c:\users\forestf\desktop\grafika\wybuch\colors.h(273): warning C4305: "inicjowanie": obcięcie z "double" do "const GLfloat"
c:\users\forestf\desktop\grafika\wybuch\colors.h(278): warning C4838: konwersja z „double” do „const GLfloat” wymaga konwersji zawężającej
c:\users\forestf\desktop\grafika\wybuch\colors.h(278): warning C4305: "inicjowanie": obcięcie z "double" do "const GLfloat"
c:\users\forestf\desktop\grafika\wybuch\colors.h(290): warning C4838: konwersja z „double” do „const GLfloat” wymaga konwersji zawężającej
c:\users\forestf\desktop\grafika\wybuch\colors.h(290): warning C4305: "inicjowanie": obcięcie z "double" do "const GLfloat"
c:\users\forestf\desktop\grafika\wybuch\colors.h(295): warning C4838: konwersja z „double” do „const GLfloat” wymaga konwersji zawężającej
c:\users\forestf\desktop\grafika\wybuch\colors.h(295): warning C4305: "inicjowanie": obcięcie z "double" do "const GLfloat"
c:\users\forestf\desktop\grafika\wybuch\colors.h(302): warning C4838: konwersja z „double” do „const GLfloat” wymaga konwersji zawężającej
c:\users\forestf\desktop\grafika\wybuch\colors.h(302): warning C4305: "inicjowanie": obcięcie z "double" do "const GLfloat"
c:\users\forestf\desktop\grafika\wybuch\colors.h(307): warning C4838: konwersja z „double” do „const GLfloat” wymaga konwersji zawężającej
c:\users\forestf\desktop\grafika\wybuch\colors.h(307): warning C4305: "inicjowanie": obcięcie z "double" do "const GLfloat"
c:\users\forestf\desktop\grafika\wybuch\colors.h(314): warning C4838: konwersja z „double” do „const GLfloat” wymaga konwersji zawężającej
c:\users\forestf\desktop\grafika\wybuch\colors.h(314): warning C4305: "inicjowanie": obcięcie z "double" do "const GLfloat"
c:\users\forestf\desktop\grafika\wybuch\colors.h(321): warning C4838: konwersja z „double” do „const GLfloat” wymaga konwersji zawężającej
c:\users\forestf\desktop\grafika\wybuch\colors.h(321): warning C4305: "inicjowanie": obcięcie z "double" do "const GLfloat"
c:\users\forestf\desktop\grafika\wybuch\colors.h(328): warning C4838: konwersja z „double” do „const GLfloat” wymaga konwersji zawężającej
c:\users\forestf\desktop\grafika\wybuch\colors.h(328): warning C4305: "inicjowanie": obcięcie z "double" do "const GLfloat"
c:\users\forestf\desktop\grafika\wybuch\colors.h(335): warning C4838: konwersja z „double” do „const GLfloat” wymaga konwersji zawężającej
c:\users\forestf\desktop\grafika\wybuch\colors.h(335): warning C4305: "inicjowanie": obcięcie z "double" do "const GLfloat"
c:\users\forestf\desktop\grafika\wybuch\colors.h(342): warning C4838: konwersja z „double” do „const GLfloat” wymaga konwersji zawężającej
c:\users\forestf\desktop\grafika\wybuch\colors.h(342): warning C4305: "inicjowanie": obcięcie z "double" do "const GLfloat"
c:\users\forestf\desktop\grafika\wybuch\colors.h(347): warning C4838: konwersja z „double” do „const GLfloat” wymaga konwersji zawężającej
c:\users\forestf\desktop\grafika\wybuch\colors.h(347): warning C4305: "inicjowanie": obcięcie z "double" do "const GLfloat"
c:\users\forestf\desktop\grafika\wybuch\colors.h(354): warning C4838: konwersja z „double” do „const GLfloat” wymaga konwersji zawężającej
c:\users\forestf\desktop\grafika\wybuch\colors.h(354): warning C4305: "inicjowanie": obcięcie z "double" do "const GLfloat"
c:\users\forestf\desktop\grafika\wybuch\colors.h(361): warning C4838: konwersja z „double” do „const GLfloat” wymaga konwersji zawężającej
c:\users\forestf\desktop\grafika\wybuch\colors.h(361): warning C4305: "inicjowanie": obcięcie z "double" do "const GLfloat"
c:\users\forestf\desktop\grafika\wybuch\colors.h(368): warning C4838: konwersja z „double” do „const GLfloat” wymaga konwersji zawężającej
c:\users\forestf\desktop\grafika\wybuch\colors.h(368): warning C4305: "inicjowanie": obcięcie z "double" do "const GLfloat"
c:\users\forestf\desktop\grafika\wybuch\colors.h(375): warning C4838: konwersja z „double” do „const GLfloat” wymaga konwersji zawężającej
c:\users\forestf\desktop\grafika\wybuch\colors.h(375): warning C4305: "inicjowanie": obcięcie z "double" do "const GLfloat"
c:\users\forestf\desktop\grafika\wybuch\colors.h(380): warning C4838: konwersja z „double” do „const GLfloat” wymaga konwersji zawężającej
c:\users\forestf\desktop\grafika\wybuch\colors.h(380): warning C4305: "inicjowanie": obcięcie z "double" do "const GLfloat"
c:\users\forestf\desktop\grafika\wybuch\colors.h(385): warning C4838: konwersja z „double” do „const GLfloat” wymaga konwersji zawężającej
c:\users\forestf\desktop\grafika\wybuch\colors.h(385): warning C4305: "inicjowanie": obcięcie z "double" do "const GLfloat"
c:\users\forestf\desktop\grafika\wybuch\colors.h(390): warning C4838: konwersja z „double” do „const GLfloat” wymaga konwersji zawężającej
c:\users\forestf\desktop\grafika\wybuch\colors.h(390): warning C4305: "inicjowanie": obcięcie z "double" do "const GLfloat"
c:\users\forestf\desktop\grafika\wybuch\colors.h(395): warning C4838: konwersja z „double” do „const GLfloat” wymaga konwersji zawężającej
c:\users\forestf\desktop\grafika\wybuch\colors.h(395): warning C4305: "inicjowanie": obcięcie z "double" do "const GLfloat"
c:\users\forestf\desktop\grafika\wybuch\colors.h(400): warning C4838: konwersja z „double” do „const GLfloat” wymaga konwersji zawężającej
c:\users\forestf\desktop\grafika\wybuch\colors.h(400): warning C4305: "inicjowanie": obcięcie z "double" do "const GLfloat"
c:\users\forestf\desktop\grafika\wybuch\colors.h(405): warning C4838: konwersja z „double” do „const GLfloat” wymaga konwersji zawężającej
c:\users\forestf\desktop\grafika\wybuch\colors.h(405): warning C4305: "inicjowanie": obcięcie z "double" do "const GLfloat"
c:\users\forestf\desktop\grafika\wybuch\colors.h(410): warning C4838: konwersja z „double” do „const GLfloat” wymaga konwersji zawężającej
c:\users\forestf\desktop\grafika\wybuch\colors.h(410): warning C4305: "inicjowanie": obcięcie z "double" do "const GLfloat"
c:\users\forestf\desktop\grafika\wybuch\colors.h(415): warning C4838: konwersja z „double” do „const GLfloat” wymaga konwersji zawężającej
c:\users\forestf\desktop\grafika\wybuch\colors.h(415): warning C4305: "inicjowanie": obcięcie z "double" do "const GLfloat"
c:\users\forestf\desktop\grafika\wybuch\colors.h(420): warning C4838: konwersja z „double” do „const GLfloat” wymaga konwersji zawężającej
c:\users\forestf\desktop\grafika\wybuch\colors.h(420): warning C4305: "inicjowanie": obcięcie z "double" do "const GLfloat"
c:\users\forestf\desktop\grafika\wybuch\colors.h(425): warning C4838: konwersja z „double” do „const GLfloat” wymaga konwersji zawężającej
c:\users\forestf\desktop\grafika\wybuch\colors.h(425): warning C4305: "inicjowanie": obcięcie z "double" do "const GLfloat"
c:\users\forestf\desktop\grafika\wybuch\colors.h(430): warning C4838: konwersja z „double” do „const GLfloat” wymaga konwersji zawężającej
c:\users\forestf\desktop\grafika\wybuch\colors.h(430): warning C4305: "inicjowanie": obcięcie z "double" do "const GLfloat"
c:\users\forestf\desktop\grafika\wybuch\colors.h(435): warning C4838: konwersja z „double” do „const GLfloat” wymaga konwersji zawężającej
c:\users\forestf\desktop\grafika\wybuch\colors.h(435): warning C4305: "inicjowanie": obcięcie z "double" do "const GLfloat"
c:\users\forestf\desktop\grafika\wybuch\colors.h(440): warning C4838: konwersja z „double” do „const GLfloat” wymaga konwersji zawężającej
c:\users\forestf\desktop\grafika\wybuch\colors.h(440): warning C4305: "inicjowanie": obcięcie z "double" do "const GLfloat"
c:\users\forestf\desktop\grafika\wybuch\colors.h(445): warning C4838: konwersja z „double” do „const GLfloat” wymaga konwersji zawężającej
c:\users\forestf\desktop\grafika\wybuch\colors.h(445): warning C4305: "inicjowanie": obcięcie z "double" do "const GLfloat"
c:\users\forestf\desktop\grafika\wybuch\colors.h(450): warning C4838: konwersja z „double” do „const GLfloat” wymaga konwersji zawężającej
c:\users\forestf\desktop\grafika\wybuch\colors.h(450): warning C4305: "inicjowanie": obcięcie z "double" do "const GLfloat"
c:\users\forestf\desktop\grafika\wybuch\colors.h(455): warning C4838: konwersja z „double” do „const GLfloat” wymaga konwersji zawężającej
c:\users\forestf\desktop\grafika\wybuch\colors.h(455): warning C4305: "inicjowanie": obcięcie z "double" do "const GLfloat"
c:\users\forestf\desktop\grafika\wybuch\colors.h(469): warning C4838: konwersja z „double” do „const GLfloat” wymaga konwersji zawężającej
c:\users\forestf\desktop\grafika\wybuch\colors.h(469): warning C4305: "inicjowanie": obcięcie z "double" do "const GLfloat"
c:\users\forestf\desktop\grafika\wybuch\colors.h(476): warning C4838: konwersja z „double” do „const GLfloat” wymaga konwersji zawężającej
c:\users\forestf\desktop\grafika\wybuch\colors.h(476): warning C4305: "inicjowanie": obcięcie z "double" do "const GLfloat"
c:\users\forestf\desktop\grafika\wybuch\colors.h(490): warning C4838: konwersja z „double” do „const GLfloat” wymaga konwersji zawężającej
c:\users\forestf\desktop\grafika\wybuch\colors.h(490): warning C4305: "inicjowanie": obcięcie z "double" do "const GLfloat"
c:\users\forestf\desktop\grafika\wybuch\colors.h(495): warning C4838: konwersja z „double” do „const GLfloat” wymaga konwersji zawężającej
c:\users\forestf\desktop\grafika\wybuch\colors.h(495): warning C4305: "inicjowanie": obcięcie z "double" do "const GLfloat"
c:\users\forestf\desktop\grafika\wybuch\colors.h(500): warning C4838: konwersja z „double” do „const GLfloat” wymaga konwersji zawężającej
c:\users\forestf\desktop\grafika\wybuch\colors.h(500): warning C4305: "inicjowanie": obcięcie z "double" do "const GLfloat"
c:\users\forestf\desktop\grafika\wybuch\colors.h(505): warning C4838: konwersja z „double” do „const GLfloat” wymaga konwersji zawężającej
c:\users\forestf\desktop\grafika\wybuch\colors.h(505): warning C4305: "inicjowanie": obcięcie z "double" do "const GLfloat"
c:\users\forestf\desktop\grafika\wybuch\colors.h(510): warning C4838: konwersja z „double” do „const GLfloat” wymaga konwersji zawężającej
c:\users\forestf\desktop\grafika\wybuch\colors.h(510): warning C4305: "inicjowanie": obcięcie z "double" do "const GLfloat"
c:\users\forestf\desktop\grafika\wybuch\colors.h(515): warning C4838: konwersja z „double” do „const GLfloat” wymaga konwersji zawężającej
c:\users\forestf\desktop\grafika\wybuch\colors.h(515): warning C4305: "inicjowanie": obcięcie z "double" do "const GLfloat"
c:\users\forestf\desktop\grafika\wybuch\colors.h(520): warning C4838: konwersja z „double” do „const GLfloat” wymaga konwersji zawężającej
c:\users\forestf\desktop\grafika\wybuch\colors.h(520): warning C4305: "inicjowanie": obcięcie z "double" do "const GLfloat"
c:\users\forestf\desktop\grafika\wybuch\colors.h(525): warning C4838: konwersja z „double” do „const GLfloat” wymaga konwersji zawężającej
c:\users\forestf\desktop\grafika\wybuch\colors.h(525): warning C4305: "inicjowanie": obcięcie z "double" do "const GLfloat"
c:\users\forestf\desktop\grafika\wybuch\colors.h(530): warning C4838: konwersja z „double” do „const GLfloat” wymaga konwersji zawężającej
c:\users\forestf\desktop\grafika\wybuch\colors.h(530): warning C4305: "inicjowanie": obcięcie z "double" do "const GLfloat"
c:\users\forestf\desktop\grafika\wybuch\colors.h(535): warning C4838: konwersja z „double” do „const GLfloat” wymaga konwersji zawężającej
c:\users\forestf\desktop\grafika\wybuch\colors.h(535): warning C4305: "inicjowanie": obcięcie z "double" do "const GLfloat"
c:\users\forestf\desktop\grafika\wybuch\colors.h(540): warning C4838: konwersja z „double” do „const GLfloat” wymaga konwersji zawężającej
c:\users\forestf\desktop\grafika\wybuch\colors.h(540): warning C4305: "inicjowanie": obcięcie z "double" do "const GLfloat"
c:\users\forestf\desktop\grafika\wybuch\colors.h(545): warning C4838: konwersja z „double” do „const GLfloat” wymaga konwersji zawężającej
c:\users\forestf\desktop\grafika\wybuch\colors.h(545): warning C4305: "inicjowanie": obcięcie z "double" do "const GLfloat"
c:\users\forestf\desktop\grafika\wybuch\colors.h(550): warning C4838: konwersja z „double” do „const GLfloat” wymaga konwersji zawężającej
c:\users\forestf\desktop\grafika\wybuch\colors.h(550): warning C4305: "inicjowanie": obcięcie z "double" do "const GLfloat"
c:\users\forestf\desktop\grafika\wybuch\colors.h(555): warning C4838: konwersja z „double” do „const GLfloat” wymaga konwersji zawężającej
c:\users\forestf\desktop\grafika\wybuch\colors.h(555): warning C4305: "inicjowanie": obcięcie z "double" do "const GLfloat"
c:\users\forestf\desktop\grafika\wybuch\colors.h(560): warning C4838: konwersja z „double” do „const GLfloat” wymaga konwersji zawężającej
c:\users\forestf\desktop\grafika\wybuch\colors.h(560): warning C4305: "inicjowanie": obcięcie z "double" do "const GLfloat"
c:\users\forestf\desktop\grafika\wybuch\colors.h(567): warning C4838: konwersja z „double” do „const GLfloat” wymaga konwersji zawężającej
c:\users\forestf\desktop\grafika\wybuch\colors.h(567): warning C4305: "inicjowanie": obcięcie z "double" do "const GLfloat"
c:\users\forestf\desktop\grafika\wybuch\colors.h(572): warning C4838: konwersja z „double” do „const GLfloat” wymaga konwersji zawężającej
c:\users\forestf\desktop\grafika\wybuch\colors.h(572): warning C4305: "inicjowanie": obcięcie z "double" do "const GLfloat"
c:\users\forestf\desktop\grafika\wybuch\colors.h(579): warning C4838: konwersja z „double” do „const GLfloat” wymaga konwersji zawężającej
c:\users\forestf\desktop\grafika\wybuch\colors.h(579): warning C4305: "inicjowanie": obcięcie z "double" do "const GLfloat"
c:\users\forestf\desktop\grafika\wybuch\colors.h(587): warning C4838: konwersja z „double” do „const GLfloat” wymaga konwersji zawężającej
c:\users\forestf\desktop\grafika\wybuch\colors.h(587): warning C4305: "inicjowanie": obcięcie z "double" do "const GLfloat"
c:\users\forestf\desktop\grafika\wybuch\colors.h(594): warning C4838: konwersja z „double” do „const GLfloat” wymaga konwersji zawężającej
c:\users\forestf\desktop\grafika\wybuch\colors.h(594): warning C4305: "inicjowanie": obcięcie z "double" do "const GLfloat"
c:\users\forestf\desktop\grafika\wybuch\colors.h(601): warning C4838: konwersja z „double” do „const GLfloat” wymaga konwersji zawężającej
c:\users\forestf\desktop\grafika\wybuch\colors.h(601): warning C4305: "inicjowanie": obcięcie z "double" do "const GLfloat"
c:\users\forestf\desktop\grafika\wybuch\colors.h(606): warning C4838: konwersja z „double” do „const GLfloat” wymaga konwersji zawężającej
c:\users\forestf\desktop\grafika\wybuch\colors.h(606): warning C4305: "inicjowanie": obcięcie z "double" do "const GLfloat"
c:\users\forestf\desktop\grafika\wybuch\colors.h(611): warning C4838: konwersja z „double” do „const GLfloat” wymaga konwersji zawężającej
c:\users\forestf\desktop\grafika\wybuch\colors.h(611): warning C4305: "inicjowanie": obcięcie z "double" do "const GLfloat"
c:\users\forestf\desktop\grafika\wybuch\colors.h(618): warning C4838: konwersja z „double” do „const GLfloat” wymaga konwersji zawężającej
c:\users\forestf\desktop\grafika\wybuch\colors.h(618): warning C4305: "inicjowanie": obcięcie z "double" do "const GLfloat"
c:\users\forestf\desktop\grafika\wybuch\colors.h(625): warning C4838: konwersja z „double” do „const GLfloat” wymaga konwersji zawężającej
c:\users\forestf\desktop\grafika\wybuch\colors.h(625): warning C4305: "inicjowanie": obcięcie z "double" do "const GLfloat"
c:\users\forestf\desktop\grafika\wybuch\colors.h(630): warning C4838: konwersja z „double” do „const GLfloat” wymaga konwersji zawężającej
c:\users\forestf\desktop\grafika\wybuch\colors.h(630): warning C4305: "inicjowanie": obcięcie z "double" do "const GLfloat"
c:\users\forestf\desktop\grafika\wybuch\colors.h(635): warning C4838: konwersja z „double” do „const GLfloat” wymaga konwersji zawężającej
c:\users\forestf\desktop\grafika\wybuch\colors.h(635): warning C4305: "inicjowanie": obcięcie z "double" do "const GLfloat"
c:\users\forestf\desktop\grafika\wybuch\colors.h(640): warning C4838: konwersja z „double” do „const GLfloat” wymaga konwersji zawężającej
c:\users\forestf\desktop\grafika\wybuch\colors.h(640): warning C4305: "inicjowanie": obcięcie z "double" do "const GLfloat"
c:\users\forestf\desktop\grafika\wybuch\colors.h(645): warning C4838: konwersja z „double” do „const GLfloat” wymaga konwersji zawężającej
c:\users\forestf\desktop\grafika\wybuch\colors.h(645): warning C4305: "inicjowanie": obcięcie z "double" do "const GLfloat"
c:\users\forestf\desktop\grafika\wybuch\colors.h(652): warning C4838: konwersja z „double” do „const GLfloat” wymaga konwersji zawężającej
c:\users\forestf\desktop\grafika\wybuch\colors.h(652): warning C4305: "inicjowanie": obcięcie z "double" do "const GLfloat"
c:\users\forestf\desktop\grafika\wybuch\colors.h(659): warning C4838: konwersja z „double” do „const GLfloat” wymaga konwersji zawężającej
c:\users\forestf\desktop\grafika\wybuch\colors.h(659): warning C4305: "inicjowanie": obcięcie z "double" do "const GLfloat"
c:\users\forestf\desktop\grafika\wybuch\colors.h(664): warning C4838: konwersja z „double” do „const GLfloat” wymaga konwersji zawężającej
c:\users\forestf\desktop\grafika\wybuch\colors.h(664): warning C4305: "inicjowanie": obcięcie z "double" do "const GLfloat"
c:\users\forestf\desktop\grafika\wybuch\colors.h(671): warning C4838: konwersja z „double” do „const GLfloat” wymaga konwersji zawężającej
c:\users\forestf\desktop\grafika\wybuch\colors.h(671): warning C4305: "inicjowanie": obcięcie z "double" do "const GLfloat"
c:\users\forestf\desktop\grafika\wybuch\colors.h(683): warning C4838: konwersja z „double” do „const GLfloat” wymaga konwersji zawężającej
c:\users\forestf\desktop\grafika\wybuch\colors.h(683): warning C4305: "inicjowanie": obcięcie z "double" do "const GLfloat"
c:\users\forestf\desktop\grafika\wybuch\colors.h(688): warning C4838: konwersja z „double” do „const GLfloat” wymaga konwersji zawężającej
c:\users\forestf\desktop\grafika\wybuch\colors.h(688): warning C4305: "inicjowanie": obcięcie z "double" do "const GLfloat"
c:\users\forestf\desktop\grafika\wybuch\colors.h(695): warning C4838: konwersja z „double” do „const GLfloat” wymaga konwersji zawężającej
c:\users\forestf\desktop\grafika\wybuch\colors.h(695): warning C4305: "inicjowanie": obcięcie z "double" do "const GLfloat"
c:\users\forestf\desktop\grafika\wybuch\colors.h(702): warning C4838: konwersja z „double” do „const GLfloat” wymaga konwersji zawężającej
c:\users\forestf\desktop\grafika\wybuch\colors.h(702): warning C4305: "inicjowanie": obcięcie z "double" do "const GLfloat"
c:\users\forestf\desktop\grafika\wybuch\colors.h(707): warning C4838: konwersja z „double” do „const GLfloat” wymaga konwersji zawężającej
c:\users\forestf\desktop\grafika\wybuch\colors.h(707): warning C4305: "inicjowanie": obcięcie z "double" do "const GLfloat"
c:\users\forestf\desktop\grafika\wybuch\colors.h(712): warning C4838: konwersja z „double” do „const GLfloat” wymaga konwersji zawężającej
c:\users\forestf\desktop\grafika\wybuch\colors.h(712): warning C4305: "inicjowanie": obcięcie z "double" do "const GLfloat"
c:\users\forestf\desktop\grafika\wybuch\colors.h(717): warning C4838: konwersja z „double” do „const GLfloat” wymaga konwersji zawężającej
c:\users\forestf\desktop\grafika\wybuch\colors.h(717): warning C4305: "inicjowanie": obcięcie z "double" do "const GLfloat"
c:\users\forestf\desktop\grafika\wybuch\colors.h(724): warning C4838: konwersja z „double” do „const GLfloat” wymaga konwersji zawężającej
c:\users\forestf\desktop\grafika\wybuch\colors.h(724): warning C4305: "inicjowanie": obcięcie z "double" do "const GLfloat"
c:\users\forestf\desktop\grafika\wybuch\colors.h(731): warning C4838: konwersja z „double” do „const GLfloat” wymaga konwersji zawężającej
c:\users\forestf\desktop\grafika\wybuch\colors.h(731): warning C4305: "inicjowanie": obcięcie z "double" do "const GLfloat"
c:\users\forestf\desktop\grafika\wybuch\colors.h(738): warning C4838: konwersja z „double” do „const GLfloat” wymaga konwersji zawężającej
c:\users\forestf\desktop\grafika\wybuch\colors.h(738): warning C4305: "inicjowanie": obcięcie z "double" do "const GLfloat"
c:\users\forestf\desktop\grafika\wybuch\colors.h(745): warning C4838: konwersja z „double” do „const GLfloat” wymaga konwersji zawężającej
c:\users\forestf\desktop\grafika\wybuch\colors.h(745): warning C4305: "inicjowanie": obcięcie z "double" do "const GLfloat"
c:\users\forestf\desktop\grafika\wybuch\colors.h(752): warning C4838: konwersja z „double” do „const GLfloat” wymaga konwersji zawężającej
c:\users\forestf\desktop\grafika\wybuch\colors.h(752): warning C4305: "inicjowanie": obcięcie z "double" do "const GLfloat"
c:\users\forestf\desktop\grafika\wybuch\colors.h(759): warning C4838: konwersja z „double” do „const GLfloat” wymaga konwersji zawężającej
c:\users\forestf\desktop\grafika\wybuch\colors.h(759): warning C4305: "inicjowanie": obcięcie z "double" do "const GLfloat"
c:\users\forestf\desktop\grafika\wybuch\colors.h(766): warning C4838: konwersja z „double” do „const GLfloat” wymaga konwersji zawężającej
c:\users\forestf\desktop\grafika\wybuch\colors.h(766): warning C4305: "inicjowanie": obcięcie z "double" do "const GLfloat"
c:\users\forestf\desktop\grafika\wybuch\colors.h(773): warning C4838: konwersja z „double” do „const GLfloat” wymaga konwersji zawężającej
c:\users\forestf\desktop\grafika\wybuch\colors.h(773): warning C4305: "inicjowanie": obcięcie z "double" do "const GLfloat"
c:\users\forestf\desktop\grafika\wybuch\colors.h(780): warning C4838: konwersja z „double” do „const GLfloat” wymaga konwersji zawężającej
c:\users\forestf\desktop\grafika\wybuch\colors.h(780): warning C4305: "inicjowanie": obcięcie z "double" do "const GLfloat"
c:\users\forestf\desktop\grafika\wybuch\colors.h(787): warning C4838: konwersja z „double” do „const GLfloat” wymaga konwersji zawężającej
c:\users\forestf\desktop\grafika\wybuch\colors.h(787): warning C4305: "inicjowanie": obcięcie z "double" do "const GLfloat"
c:\users\forestf\desktop\grafika\wybuch\colors.h(794): warning C4838: konwersja z „double” do „const GLfloat” wymaga konwersji zawężającej
c:\users\forestf\desktop\grafika\wybuch\colors.h(794): warning C4305: "inicjowanie": obcięcie z "double" do "const GLfloat"
c:\users\forestf\desktop\grafika\wybuch\colors.h(801): warning C4838: konwersja z „double” do „const GLfloat” wymaga konwersji zawężającej
c:\users\forestf\desktop\grafika\wybuch\colors.h(801): warning C4305: "inicjowanie": obcięcie z "double" do "const GLfloat"
c:\users\forestf\desktop\grafika\wybuch\colors.h(815): warning C4838: konwersja z „double” do „const GLfloat” wymaga konwersji zawężającej
c:\users\forestf\desktop\grafika\wybuch\colors.h(815): warning C4305: "inicjowanie": obcięcie z "double" do "const GLfloat"
c:\users\forestf\desktop\grafika\wybuch\colors.h(822): warning C4838: konwersja z „double” do „const GLfloat” wymaga konwersji zawężającej
c:\users\forestf\desktop\grafika\wybuch\colors.h(822): warning C4305: "inicjowanie": obcięcie z "double" do "const GLfloat"
c:\users\forestf\desktop\grafika\wybuch\colors.h(827): warning C4838: konwersja z „double” do „const GLfloat” wymaga konwersji zawężającej
c:\users\forestf\desktop\grafika\wybuch\colors.h(827): warning C4305: "inicjowanie": obcięcie z "double" do "const GLfloat"
c:\users\forestf\desktop\grafika\wybuch\colors.h(839): warning C4838: konwersja z „double” do „const GLfloat” wymaga konwersji zawężającej
c:\users\forestf\desktop\grafika\wybuch\colors.h(839): warning C4305: "inicjowanie": obcięcie z "double" do "const GLfloat"
c:\users\forestf\desktop\grafika\wybuch\colors.h(853): warning C4838: konwersja z „double” do „const GLfloat” wymaga konwersji zawężającej
c:\users\forestf\desktop\grafika\wybuch\colors.h(853): warning C4305: "inicjowanie": obcięcie z "double" do "const GLfloat"
c:\users\forestf\desktop\grafika\wybuch\wybuch.cpp(57): warning C4838: konwersja z „double” do „GLfloat” wymaga konwersji zawężającej
c:\users\forestf\desktop\grafika\wybuch\wybuch.cpp(57): warning C4305: "inicjowanie": obcięcie z "double" do "GLfloat"
c:\users\forestf\desktop\grafika\wybuch\wybuch.cpp(58): warning C4838: konwersja z „double” do „GLfloat” wymaga konwersji zawężającej
c:\users\forestf\desktop\grafika\wybuch\wybuch.cpp(58): warning C4305: "inicjowanie": obcięcie z "double" do "GLfloat"
c:\users\forestf\desktop\grafika\wybuch\wybuch.cpp(65): warning C4838: konwersja z „double” do „GLfloat” wymaga konwersji zawężającej
c:\users\forestf\desktop\grafika\wybuch\wybuch.cpp(65): warning C4305: "inicjowanie": obcięcie z "double" do "GLfloat"
c:\users\forestf\desktop\grafika\wybuch\wybuch.cpp(66): warning C4838: konwersja z „double” do „GLfloat” wymaga konwersji zawężającej
c:\users\forestf\desktop\grafika\wybuch\wybuch.cpp(66): warning C4305: "inicjowanie": obcięcie z "double" do "GLfloat"
c:\users\forestf\desktop\grafika\wybuch\wybuch.cpp(67): warning C4838: konwersja z „double” do „GLfloat” wymaga konwersji zawężającej
c:\users\forestf\desktop\grafika\wybuch\wybuch.cpp(67): warning C4305: "inicjowanie": obcięcie z "double" do "GLfloat"
c:\users\forestf\desktop\grafika\wybuch\wybuch.cpp(68): warning C4305: "inicjowanie": obcięcie z "double" do "GLfloat"
c:\users\forestf\desktop\grafika\wybuch\wybuch.cpp(80): warning C4244: "=": konwersja z "double" do "float", możliwa utrata danych
c:\users\forestf\desktop\grafika\wybuch\wybuch.cpp(81): warning C4244: "=": konwersja z "double" do "float", możliwa utrata danych
c:\users\forestf\desktop\grafika\wybuch\wybuch.cpp(82): warning C4244: "=": konwersja z "double" do "float", możliwa utrata danych
c:\users\forestf\desktop\grafika\wybuch\wybuch.cpp(128): warning C4305: "=": obcięcie z "double" do "float"
c:\users\forestf\desktop\grafika\wybuch\wybuch.cpp(129): warning C4305: "=": obcięcie z "double" do "float"
c:\users\forestf\desktop\grafika\wybuch\wybuch.cpp(130): warning C4305: "=": obcięcie z "double" do "float"
c:\users\forestf\desktop\grafika\wybuch\wybuch.cpp(132): warning C4244: "=": konwersja z "double" do "float", możliwa utrata danych
c:\users\forestf\desktop\grafika\wybuch\wybuch.cpp(133): warning C4244: "=": konwersja z "double" do "float", możliwa utrata danych
c:\users\forestf\desktop\grafika\wybuch\wybuch.cpp(134): warning C4244: "=": konwersja z "double" do "float", możliwa utrata danych
c:\users\forestf\desktop\grafika\wybuch\wybuch.cpp(152): warning C4244: "inicjowanie": konwersja z "double" do "GLfloat", możliwa utrata danych
c:\users\forestf\desktop\grafika\wybuch\wybuch.cpp(191): warning C4305: "inicjowanie": obcięcie z "double" do "GLfloat"
c:\users\forestf\desktop\grafika\wybuch\wybuch.cpp(271): warning C4305: "+=": obcięcie z "double" do "GLfloat"
c:\users\forestf\desktop\grafika\wybuch\wybuch.cpp(274): warning C4305: "-=": obcięcie z "double" do "GLfloat"
c:\users\forestf\desktop\grafika\wybuch\wybuch.cpp(300): warning C4244: "+=": konwersja z "double" do "float", możliwa utrata danych
c:\users\forestf\desktop\grafika\wybuch\wybuch.cpp(301): warning C4244: "+=": konwersja z "double" do "float", możliwa utrata danych
c:\users\forestf\desktop\grafika\wybuch\wybuch.cpp(302): warning C4244: "+=": konwersja z "double" do "float", możliwa utrata danych
c:\users\forestf\desktop\grafika\wybuch\wybuch.cpp(304): warning C4305: "-=": obcięcie z "double" do "float"
c:\users\forestf\desktop\grafika\wybuch\wybuch.cpp(309): warning C4305: "-=": obcięcie z "double" do "float"
c:\users\forestf\desktop\grafika\wybuch\wybuch.cpp(315): warning C4305: "-=": obcięcie z "double" do "float"
c:\users\forestf\desktop\grafika\wybuch\wybuch.cpp(324): warning C4244: "+=": konwersja z "double" do "float", możliwa utrata danych
c:\users\forestf\desktop\grafika\wybuch\wybuch.cpp(325): warning C4244: "+=": konwersja z "double" do "float", możliwa utrata danych
c:\users\forestf\desktop\grafika\wybuch\wybuch.cpp(326): warning C4244: "+=": konwersja z "double" do "float", możliwa utrata danych
c:\users\forestf\desktop\grafika\wybuch\wybuch.cpp(334): warning C4305: "+=": obcięcie z "double" do "float"
c:\users\forestf\desktop\grafika\wybuch\wybuch.cpp(343): warning C4244: "argument": konwersja z "GLfloat" do "GLsizei", możliwa utrata danych
c:\users\forestf\desktop\grafika\wybuch\wybuch.cpp(343): warning C4244: "argument": konwersja z "double" do "GLint", możliwa utrata danych
c:\users\forestf\desktop\grafika\wybuch\wybuch.cpp(381): warning C4244: "argument": konwersja z "time_t" do "unsigned int", możliwa utrata danych
  wybuch.vcxproj -> C:\Users\Forestf\Desktop\Grafika\wybuch\Debug\wybuch.exe
