c:\users\51485\desktop\zajecia5\consoleapplication1\consoleapplication1\debug\consoleapplication1.pch
c:\users\51485\desktop\zajecia5\consoleapplication1\consoleapplication1\debug\vc140.pdb
c:\users\51485\desktop\zajecia5\consoleapplication1\consoleapplication1\debug\vc140.idb
c:\users\51485\desktop\zajecia5\consoleapplication1\consoleapplication1\debug\stdafx.obj
c:\users\51485\desktop\zajecia5\consoleapplication1\consoleapplication1\debug\consoleapplication1.obj
d:\zajecia5\consoleapplication1\consoleapplication1\debug\consoleapplication1.pch
d:\zajecia5\consoleapplication1\consoleapplication1\debug\vc141.pdb
d:\zajecia5\consoleapplication1\consoleapplication1\debug\vc141.idb
d:\zajecia5\consoleapplication1\consoleapplication1\debug\stdafx.obj
d:\zajecia5\consoleapplication1\consoleapplication1\debug\consoleapplication1.obj
c:\users\forestf\desktop\grafika\zajecia5 -światła\consoleapplication1\consoleapplication1\debug\consoleapplication1.pch
c:\users\forestf\desktop\grafika\zajecia5 -światła\consoleapplication1\consoleapplication1\debug\vc141.pdb
c:\users\forestf\desktop\grafika\zajecia5 -światła\consoleapplication1\consoleapplication1\debug\vc141.idb
c:\users\forestf\desktop\grafika\zajecia5 -światła\consoleapplication1\consoleapplication1\debug\stdafx.obj
c:\users\forestf\desktop\grafika\zajecia5 -światła\consoleapplication1\consoleapplication1\debug\consoleapplication1.obj
c:\users\51485\desktop\zajecia5\consoleapplication1\debug\consoleapplication1.ilk
c:\users\51485\desktop\zajecia5\consoleapplication1\debug\consoleapplication1.exe
c:\users\51485\desktop\zajecia5\consoleapplication1\debug\consoleapplication1.pdb
d:\zajecia5\consoleapplication1\debug\consoleapplication1.ilk
d:\zajecia5\consoleapplication1\debug\consoleapplication1.exe
d:\zajecia5\consoleapplication1\debug\consoleapplication1.pdb
c:\users\forestf\desktop\grafika\zajecia5 -światła\consoleapplication1\debug\consoleapplication1.exe
c:\users\forestf\desktop\grafika\zajecia5 -światła\consoleapplication1\debug\consoleapplication1.ilk
c:\users\forestf\desktop\grafika\zajecia5 -światła\consoleapplication1\debug\consoleapplication1.pdb
c:\users\forestf\desktop\grafika\zajecia5 -światła\consoleapplication1\consoleapplication1\debug\vc140.idb
c:\users\forestf\desktop\grafika\zajecia5 -światła\consoleapplication1\consoleapplication1\debug\vc140.pdb
c:\users\forestf\desktop\grafika\zajecia5 -światła\consoleapplication1\consoleapplication1\debug\consolea.06c6cd52.tlog\cl.command.1.tlog
c:\users\forestf\desktop\grafika\zajecia5 -światła\consoleapplication1\consoleapplication1\debug\consolea.06c6cd52.tlog\cl.read.1.tlog
c:\users\forestf\desktop\grafika\zajecia5 -światła\consoleapplication1\consoleapplication1\debug\consolea.06c6cd52.tlog\cl.write.1.tlog
c:\users\forestf\desktop\grafika\zajecia5 -światła\consoleapplication1\consoleapplication1\debug\consolea.06c6cd52.tlog\link.command.1.tlog
c:\users\forestf\desktop\grafika\zajecia5 -światła\consoleapplication1\consoleapplication1\debug\consolea.06c6cd52.tlog\link.delete.1.tlog
c:\users\forestf\desktop\grafika\zajecia5 -światła\consoleapplication1\consoleapplication1\debug\consolea.06c6cd52.tlog\link.read.1.tlog
c:\users\forestf\desktop\grafika\zajecia5 -światła\consoleapplication1\consoleapplication1\debug\consolea.06c6cd52.tlog\link.write.1.tlog
